<?xml version="1.0" encoding="UTF-8"?>
<!-- Generated by org.testng.reporters.JUnitReportReporter -->
<testsuite hostname="DESKTOP-96NUCQ1" failures="0" tests="2" name="com.test.LoginTest" time="31.081" errors="0" timestamp="06 Jul 2023 07:57:20 GMT" skipped="0">
  <testcase classname="com.test.LoginTest" name="loginTest" time="13.849"/>
  <testcase classname="com.test.LoginTest" name="signUpTest" time="17.232"/>
</testsuite> <!-- com.test.LoginTest -->
